2025/03/18 15:22:57 [error] [exception.CException] CException: User and its behaviors do not have a method or closure named "validatePassword". in H:\xampp\htdocs\yiiblog\framework\base\CComponent.php:264
Stack trace:
#0 H:\xampp\htdocs\yiiblog\framework\db\ar\CActiveRecord.php(229): CComponent->__call('validatePasswor...', Array)
#1 H:\xampp\htdocs\yiiblog\protected\components\UserIdentity.php(18): CActiveRecord->__call('validatePasswor...', Array)
#2 H:\xampp\htdocs\yiiblog\protected\models\LoginForm.php(54): UserIdentity->authenticate()
#3 H:\xampp\htdocs\yiiblog\framework\validators\CInlineValidator.php(42): LoginForm->authenticate('password', Array)
#4 H:\xampp\htdocs\yiiblog\framework\validators\CValidator.php(201): CInlineValidator->validateAttribute(Object(LoginForm), 'password')
#5 H:\xampp\htdocs\yiiblog\framework\base\CModel.php(159): CValidator->validate(Object(LoginForm), Array)
#6 H:\xampp\htdocs\yiiblog\protected\controllers\SiteController.php(94): CModel->validate()
#7 H:\xampp\htdocs\yiiblog\framework\web\actions\CInlineAction.php(49): SiteController->actionLogin()
#8 H:\xampp\htdocs\yiiblog\framework\web\CController.php(308): CInlineAction->runWithParams(Array)
#9 H:\xampp\htdocs\yiiblog\framework\web\CController.php(286): CController->runAction(Object(CInlineAction))
#10 H:\xampp\htdocs\yiiblog\framework\web\CController.php(265): CController->runActionWithFilters(Object(CInlineAction), Array)
#11 H:\xampp\htdocs\yiiblog\framework\web\CWebApplication.php(282): CController->run('login')
#12 H:\xampp\htdocs\yiiblog\framework\web\CWebApplication.php(141): CWebApplication->runController('site/login')
#13 H:\xampp\htdocs\yiiblog\framework\base\CApplication.php(185): CWebApplication->processRequest()
#14 H:\xampp\htdocs\yiiblog\index.php(13): CApplication->run()
#15 {main}
REQUEST_URI=/yiiblog/index.php/site/login
HTTP_REFERER=http://localhost/yiiblog/index.php/site/login
---
2025/03/18 15:37:51 [error] [exception.CHttpException.403] CHttpException: You are not authorized to perform this action. in H:\xampp\htdocs\yiiblog\framework\web\auth\CAccessControlFilter.php:183
Stack trace:
#0 H:\xampp\htdocs\yiiblog\framework\web\auth\CAccessControlFilter.php(145): CAccessControlFilter->accessDenied(Object(CWebUser), 'You are not aut...')
#1 H:\xampp\htdocs\yiiblog\framework\web\filters\CFilter.php(38): CAccessControlFilter->preFilter(Object(CFilterChain))
#2 H:\xampp\htdocs\yiiblog\framework\web\CController.php(1148): CFilter->filter(Object(CFilterChain))
#3 H:\xampp\htdocs\yiiblog\framework\web\filters\CInlineFilter.php(58): CController->filterAccessControl(Object(CFilterChain))
#4 H:\xampp\htdocs\yiiblog\framework\web\filters\CFilterChain.php(131): CInlineFilter->filter(Object(CFilterChain))
#5 H:\xampp\htdocs\yiiblog\framework\web\CController.php(291): CFilterChain->run()
#6 H:\xampp\htdocs\yiiblog\framework\web\CController.php(265): CController->runActionWithFilters(Object(CInlineAction), Array)
#7 H:\xampp\htdocs\yiiblog\framework\web\CWebApplication.php(282): CController->run('admin')
#8 H:\xampp\htdocs\yiiblog\framework\web\CWebApplication.php(141): CWebApplication->runController('post/admin')
#9 H:\xampp\htdocs\yiiblog\framework\base\CApplication.php(185): CWebApplication->processRequest()
#10 H:\xampp\htdocs\yiiblog\index.php(13): CApplication->run()
#11 {main}
REQUEST_URI=/yiiblog/index.php/post/admin
HTTP_REFERER=http://localhost/yiiblog/index.php/post
---
2025/03/18 15:44:50 [error] [php] include(normalizeTags.php): Failed to open stream: No such file or directory (H:\xampp\htdocs\yiiblog\framework\YiiBase.php:463)
Stack trace:
#0 H:\xampp\htdocs\yiiblog\framework\YiiBase.php(463): include()
#1 unknown(0): autoload()
#2 H:\xampp\htdocs\yiiblog\framework\YiiBase.php(310): class_exists()
#3 H:\xampp\htdocs\yiiblog\framework\validators\CValidator.php(174): import()
#4 H:\xampp\htdocs\yiiblog\framework\base\CModel.php(287): createValidator()
#5 H:\xampp\htdocs\yiiblog\framework\base\CModel.php(260): Post->createValidators()
#6 H:\xampp\htdocs\yiiblog\framework\base\CModel.php(304): Post->getValidators()
#7 H:\xampp\htdocs\yiiblog\framework\web\helpers\CHtml.php(1534): Post->isAttributeRequired()
#8 H:\xampp\htdocs\yiiblog\framework\web\widgets\CActiveForm.php(601): activeLabelEx()
#9 H:\xampp\htdocs\yiiblog\protected\views\post\_form.php(25): CActiveForm->labelEx()
#10 H:\xampp\htdocs\yiiblog\framework\web\CBaseController.php(126): require()
#11 H:\xampp\htdocs\yiiblog\framework\web\CBaseController.php(95): PostController->renderInternal()
#12 H:\xampp\htdocs\yiiblog\framework\web\CController.php(872): PostController->renderFile()
#13 H:\xampp\htdocs\yiiblog\protected\views\post\create.php(18): PostController->renderPartial()
#14 H:\xampp\htdocs\yiiblog\framework\web\CBaseController.php(126): require()
#15 H:\xampp\htdocs\yiiblog\framework\web\CBaseController.php(95): PostController->renderInternal()
#16 H:\xampp\htdocs\yiiblog\framework\web\CController.php(872): PostController->renderFile()
#17 H:\xampp\htdocs\yiiblog\framework\web\CController.php(785): PostController->renderPartial()
#18 H:\xampp\htdocs\yiiblog\protected\controllers\PostController.php(77): PostController->render()
#19 H:\xampp\htdocs\yiiblog\framework\web\actions\CInlineAction.php(49): PostController->actionCreate()
#20 H:\xampp\htdocs\yiiblog\framework\web\CController.php(308): CInlineAction->runWithParams()
#21 H:\xampp\htdocs\yiiblog\framework\web\filters\CFilterChain.php(134): PostController->runAction()
#22 H:\xampp\htdocs\yiiblog\framework\web\filters\CFilter.php(40): CFilterChain->run()
#23 H:\xampp\htdocs\yiiblog\framework\web\CController.php(1148): CAccessControlFilter->filter()
#24 H:\xampp\htdocs\yiiblog\framework\web\filters\CInlineFilter.php(58): PostController->filterAccessControl()
#25 H:\xampp\htdocs\yiiblog\framework\web\filters\CFilterChain.php(131): CInlineFilter->filter()
#26 H:\xampp\htdocs\yiiblog\framework\web\CController.php(291): CFilterChain->run()
#27 H:\xampp\htdocs\yiiblog\framework\web\CController.php(265): PostController->runActionWithFilters()
#28 H:\xampp\htdocs\yiiblog\framework\web\CWebApplication.php(282): PostController->run()
#29 H:\xampp\htdocs\yiiblog\framework\web\CWebApplication.php(141): CWebApplication->runController()
#30 H:\xampp\htdocs\yiiblog\framework\base\CApplication.php(185): CWebApplication->processRequest()
#31 H:\xampp\htdocs\yiiblog\index.php(13): CWebApplication->run()
REQUEST_URI=/yiiblog/index.php/post/create
in H:\xampp\htdocs\yiiblog\protected\views\post\_form.php (25)
in H:\xampp\htdocs\yiiblog\protected\views\post\create.php (18)
in H:\xampp\htdocs\yiiblog\protected\controllers\PostController.php (77)
2025/03/18 15:45:49 [error] [php] include(normalizeTags.php): Failed to open stream: No such file or directory (H:\xampp\htdocs\yiiblog\framework\YiiBase.php:463)
Stack trace:
#0 H:\xampp\htdocs\yiiblog\framework\YiiBase.php(463): include()
#1 unknown(0): autoload()
#2 H:\xampp\htdocs\yiiblog\framework\YiiBase.php(310): class_exists()
#3 H:\xampp\htdocs\yiiblog\framework\validators\CValidator.php(174): import()
#4 H:\xampp\htdocs\yiiblog\framework\base\CModel.php(287): createValidator()
#5 H:\xampp\htdocs\yiiblog\framework\base\CModel.php(260): Post->createValidators()
#6 H:\xampp\htdocs\yiiblog\framework\base\CModel.php(304): Post->getValidators()
#7 H:\xampp\htdocs\yiiblog\framework\web\helpers\CHtml.php(1534): Post->isAttributeRequired()
#8 H:\xampp\htdocs\yiiblog\framework\web\widgets\CActiveForm.php(601): activeLabelEx()
#9 H:\xampp\htdocs\yiiblog\protected\views\post\_form.php(25): CActiveForm->labelEx()
#10 H:\xampp\htdocs\yiiblog\framework\web\CBaseController.php(126): require()
#11 H:\xampp\htdocs\yiiblog\framework\web\CBaseController.php(95): PostController->renderInternal()
#12 H:\xampp\htdocs\yiiblog\framework\web\CController.php(872): PostController->renderFile()
#13 H:\xampp\htdocs\yiiblog\protected\views\post\create.php(18): PostController->renderPartial()
#14 H:\xampp\htdocs\yiiblog\framework\web\CBaseController.php(126): require()
#15 H:\xampp\htdocs\yiiblog\framework\web\CBaseController.php(95): PostController->renderInternal()
#16 H:\xampp\htdocs\yiiblog\framework\web\CController.php(872): PostController->renderFile()
#17 H:\xampp\htdocs\yiiblog\framework\web\CController.php(785): PostController->renderPartial()
#18 H:\xampp\htdocs\yiiblog\protected\controllers\PostController.php(77): PostController->render()
#19 H:\xampp\htdocs\yiiblog\framework\web\actions\CInlineAction.php(49): PostController->actionCreate()
#20 H:\xampp\htdocs\yiiblog\framework\web\CController.php(308): CInlineAction->runWithParams()
#21 H:\xampp\htdocs\yiiblog\framework\web\filters\CFilterChain.php(134): PostController->runAction()
#22 H:\xampp\htdocs\yiiblog\framework\web\filters\CFilter.php(40): CFilterChain->run()
#23 H:\xampp\htdocs\yiiblog\framework\web\CController.php(1148): CAccessControlFilter->filter()
#24 H:\xampp\htdocs\yiiblog\framework\web\filters\CInlineFilter.php(58): PostController->filterAccessControl()
#25 H:\xampp\htdocs\yiiblog\framework\web\filters\CFilterChain.php(131): CInlineFilter->filter()
#26 H:\xampp\htdocs\yiiblog\framework\web\CController.php(291): CFilterChain->run()
#27 H:\xampp\htdocs\yiiblog\framework\web\CController.php(265): PostController->runActionWithFilters()
#28 H:\xampp\htdocs\yiiblog\framework\web\CWebApplication.php(282): PostController->run()
#29 H:\xampp\htdocs\yiiblog\framework\web\CWebApplication.php(141): CWebApplication->runController()
#30 H:\xampp\htdocs\yiiblog\framework\base\CApplication.php(185): CWebApplication->processRequest()
#31 H:\xampp\htdocs\yiiblog\index.php(13): CWebApplication->run()
REQUEST_URI=/yiiblog/index.php/post/create
in H:\xampp\htdocs\yiiblog\protected\views\post\_form.php (25)
in H:\xampp\htdocs\yiiblog\protected\views\post\create.php (18)
in H:\xampp\htdocs\yiiblog\protected\controllers\PostController.php (77)
2025/03/18 15:47:35 [error] [php] include(normalizeTags.php): Failed to open stream: No such file or directory (H:\xampp\htdocs\yiiblog\framework\YiiBase.php:463)
Stack trace:
#0 H:\xampp\htdocs\yiiblog\framework\YiiBase.php(463): include()
#1 unknown(0): autoload()
#2 H:\xampp\htdocs\yiiblog\framework\YiiBase.php(310): class_exists()
#3 H:\xampp\htdocs\yiiblog\framework\validators\CValidator.php(174): import()
#4 H:\xampp\htdocs\yiiblog\framework\base\CModel.php(287): createValidator()
#5 H:\xampp\htdocs\yiiblog\framework\base\CModel.php(260): Post->createValidators()
#6 H:\xampp\htdocs\yiiblog\framework\base\CModel.php(304): Post->getValidators()
#7 H:\xampp\htdocs\yiiblog\framework\web\helpers\CHtml.php(1534): Post->isAttributeRequired()
#8 H:\xampp\htdocs\yiiblog\framework\web\widgets\CActiveForm.php(601): activeLabelEx()
#9 H:\xampp\htdocs\yiiblog\protected\views\post\_form.php(25): CActiveForm->labelEx()
#10 H:\xampp\htdocs\yiiblog\framework\web\CBaseController.php(126): require()
#11 H:\xampp\htdocs\yiiblog\framework\web\CBaseController.php(95): PostController->renderInternal()
#12 H:\xampp\htdocs\yiiblog\framework\web\CController.php(872): PostController->renderFile()
#13 H:\xampp\htdocs\yiiblog\protected\views\post\create.php(18): PostController->renderPartial()
#14 H:\xampp\htdocs\yiiblog\framework\web\CBaseController.php(126): require()
#15 H:\xampp\htdocs\yiiblog\framework\web\CBaseController.php(95): PostController->renderInternal()
#16 H:\xampp\htdocs\yiiblog\framework\web\CController.php(872): PostController->renderFile()
#17 H:\xampp\htdocs\yiiblog\framework\web\CController.php(785): PostController->renderPartial()
#18 H:\xampp\htdocs\yiiblog\protected\controllers\PostController.php(77): PostController->render()
#19 H:\xampp\htdocs\yiiblog\framework\web\actions\CInlineAction.php(49): PostController->actionCreate()
#20 H:\xampp\htdocs\yiiblog\framework\web\CController.php(308): CInlineAction->runWithParams()
#21 H:\xampp\htdocs\yiiblog\framework\web\filters\CFilterChain.php(134): PostController->runAction()
#22 H:\xampp\htdocs\yiiblog\framework\web\filters\CFilter.php(40): CFilterChain->run()
#23 H:\xampp\htdocs\yiiblog\framework\web\CController.php(1148): CAccessControlFilter->filter()
#24 H:\xampp\htdocs\yiiblog\framework\web\filters\CInlineFilter.php(58): PostController->filterAccessControl()
#25 H:\xampp\htdocs\yiiblog\framework\web\filters\CFilterChain.php(131): CInlineFilter->filter()
#26 H:\xampp\htdocs\yiiblog\framework\web\CController.php(291): CFilterChain->run()
#27 H:\xampp\htdocs\yiiblog\framework\web\CController.php(265): PostController->runActionWithFilters()
#28 H:\xampp\htdocs\yiiblog\framework\web\CWebApplication.php(282): PostController->run()
#29 H:\xampp\htdocs\yiiblog\framework\web\CWebApplication.php(141): CWebApplication->runController()
#30 H:\xampp\htdocs\yiiblog\framework\base\CApplication.php(185): CWebApplication->processRequest()
#31 H:\xampp\htdocs\yiiblog\index.php(13): CWebApplication->run()
REQUEST_URI=/yiiblog/index.php/post/create
in H:\xampp\htdocs\yiiblog\protected\views\post\_form.php (25)
in H:\xampp\htdocs\yiiblog\protected\views\post\create.php (18)
in H:\xampp\htdocs\yiiblog\protected\controllers\PostController.php (77)
2025/03/18 15:52:15 [error] [exception.CHttpException.403] CHttpException: You are not authorized to perform this action. in H:\xampp\htdocs\yiiblog\framework\web\auth\CAccessControlFilter.php:183
Stack trace:
#0 H:\xampp\htdocs\yiiblog\framework\web\auth\CAccessControlFilter.php(145): CAccessControlFilter->accessDenied(Object(CWebUser), 'You are not aut...')
#1 H:\xampp\htdocs\yiiblog\framework\web\filters\CFilter.php(38): CAccessControlFilter->preFilter(Object(CFilterChain))
#2 H:\xampp\htdocs\yiiblog\framework\web\CController.php(1148): CFilter->filter(Object(CFilterChain))
#3 H:\xampp\htdocs\yiiblog\framework\web\filters\CInlineFilter.php(58): CController->filterAccessControl(Object(CFilterChain))
#4 H:\xampp\htdocs\yiiblog\framework\web\filters\CFilterChain.php(131): CInlineFilter->filter(Object(CFilterChain))
#5 H:\xampp\htdocs\yiiblog\framework\web\CController.php(291): CFilterChain->run()
#6 H:\xampp\htdocs\yiiblog\framework\web\CController.php(265): CController->runActionWithFilters(Object(CInlineAction), Array)
#7 H:\xampp\htdocs\yiiblog\framework\web\CWebApplication.php(282): CController->run('admin')
#8 H:\xampp\htdocs\yiiblog\framework\web\CWebApplication.php(141): CWebApplication->runController('post/admin')
#9 H:\xampp\htdocs\yiiblog\framework\base\CApplication.php(185): CWebApplication->processRequest()
#10 H:\xampp\htdocs\yiiblog\index.php(13): CApplication->run()
#11 {main}
REQUEST_URI=/yiiblog/index.php/post/admin
HTTP_REFERER=http://localhost/yiiblog/index.php/post/create
---
